<?xml version="1.0" encoding="UTF-8"?>
<!-- Generated by org.testng.reporters.JUnitXMLReporter -->
<testsuite ignored="14" hostname="Nehas-MacBook-Air.local" failures="1" tests="3" name="Test" time="16.998" errors="0" timestamp="2021-05-10T11:57:30 IST">
  <testcase classname="DemoTestng.NewTest" name="demo1" time="0.02"/>
  <testcase classname="DemoTestng.NewTest" name="demo2" time="10.075">
    <failure type="org.openqa.selenium.NoSuchElementException" message="no such element: Unable to locate element: {&amp;quot;method&amp;quot;:&amp;quot;xpath&amp;quot;,&amp;quot;selector&amp;quot;:&amp;quot;abc&amp;quot;}
  (Session info: chrome=90.0.4430.93)
  (Driver info: chromedriver=89.0.4389.23 (61b08ee2c50024bab004e48d2b1b083cdbdac579-refs/branch-heads/4389@{#294}),platform=Mac OS X 10.14.6 x86_64) (WARNING: The server did not provide any stacktrace information)
Command duration or timeout: 10.04 seconds
For documentation on this error, please visit: http://seleniumhq.org/exceptions/no_such_element.html
Build info: version: &amp;apos;2.45.0&amp;apos;, revision: &amp;apos;5017cb8e7ca8e37638dc3091b2440b90a1d8686f&amp;apos;, time: &amp;apos;2015-02-27 09:10:26&amp;apos;
System info: host: &amp;apos;Nehas-MacBook-Air.local&amp;apos;, ip: &amp;apos;192.168.1.10&amp;apos;, os.name: &amp;apos;Mac OS X&amp;apos;, os.arch: &amp;apos;x86_64&amp;apos;, os.version: &amp;apos;10.14.6&amp;apos;, java.version: &amp;apos;13.0.1&amp;apos;
Driver info: org.openqa.selenium.chrome.ChromeDriver
Capabilities [{mobileEmulationEnabled=false, timeouts={implicit=0, pageLoad=300000, script=30000}, hasTouchScreen=false, platform=MAC, acceptSslCerts=false, goog:chromeOptions={debuggerAddress=localhost:49473}, acceptInsecureCerts=false, webStorageEnabled=true, browserName=chrome, takesScreenshot=true, javascriptEnabled=true, setWindowRect=true, webauthn:extension:largeBlob=true, unexpectedAlertBehaviour=ignore, applicationCacheEnabled=false, rotatable=false, networkConnectionEnabled=false, chrome={chromedriverVersion=89.0.4389.23 (61b08ee2c50024bab004e48d2b1b083cdbdac579-refs/branch-heads/4389@{#294}), userDataDir=/var/folders/sr/swfvh9190qn1s7_8kk2gszch0000gn/T/.com.google.Chrome.cA95aG}, takesHeapSnapshot=true, pageLoadStrategy=normal, strictFileInteractability=false, databaseEnabled=false, handlesAlerts=true, version=90.0.4430.93, browserConnectionEnabled=false, proxy={}, nativeEvents=true, locationContextEnabled=true, cssSelectorsEnabled=true, webauthn:virtualAuthenticators=true}]
Session ID: 65534cf18a6392250e1c02c6a70e4aed
*** Element info: {Using=xpath, value=abc}">
      <![CDATA[org.openqa.selenium.NoSuchElementException: no such element: Unable to locate element: {"method":"xpath","selector":"abc"}
  (Session info: chrome=90.0.4430.93)
  (Driver info: chromedriver=89.0.4389.23 (61b08ee2c50024bab004e48d2b1b083cdbdac579-refs/branch-heads/4389@{#294}),platform=Mac OS X 10.14.6 x86_64) (WARNING: The server did not provide any stacktrace information)
Command duration or timeout: 10.04 seconds
For documentation on this error, please visit: http://seleniumhq.org/exceptions/no_such_element.html
Build info: version: '2.45.0', revision: '5017cb8e7ca8e37638dc3091b2440b90a1d8686f', time: '2015-02-27 09:10:26'
System info: host: 'Nehas-MacBook-Air.local', ip: '192.168.1.10', os.name: 'Mac OS X', os.arch: 'x86_64', os.version: '10.14.6', java.version: '13.0.1'
Driver info: org.openqa.selenium.chrome.ChromeDriver
Capabilities [{mobileEmulationEnabled=false, timeouts={implicit=0, pageLoad=300000, script=30000}, hasTouchScreen=false, platform=MAC, acceptSslCerts=false, goog:chromeOptions={debuggerAddress=localhost:49473}, acceptInsecureCerts=false, webStorageEnabled=true, browserName=chrome, takesScreenshot=true, javascriptEnabled=true, setWindowRect=true, webauthn:extension:largeBlob=true, unexpectedAlertBehaviour=ignore, applicationCacheEnabled=false, rotatable=false, networkConnectionEnabled=false, chrome={chromedriverVersion=89.0.4389.23 (61b08ee2c50024bab004e48d2b1b083cdbdac579-refs/branch-heads/4389@{#294}), userDataDir=/var/folders/sr/swfvh9190qn1s7_8kk2gszch0000gn/T/.com.google.Chrome.cA95aG}, takesHeapSnapshot=true, pageLoadStrategy=normal, strictFileInteractability=false, databaseEnabled=false, handlesAlerts=true, version=90.0.4430.93, browserConnectionEnabled=false, proxy={}, nativeEvents=true, locationContextEnabled=true, cssSelectorsEnabled=true, webauthn:virtualAuthenticators=true}]
Session ID: 65534cf18a6392250e1c02c6a70e4aed
*** Element info: {Using=xpath, value=abc}
at org.openqa.selenium.remote.ErrorHandler.createThrowable(ErrorHandler.java:204)
at org.openqa.selenium.remote.ErrorHandler.throwIfResponseFailed(ErrorHandler.java:156)
at org.openqa.selenium.remote.RemoteWebDriver.execute(RemoteWebDriver.java:599)
at org.openqa.selenium.remote.RemoteWebDriver.findElement(RemoteWebDriver.java:352)
at org.openqa.selenium.remote.RemoteWebDriver.findElementByXPath(RemoteWebDriver.java:449)
at org.openqa.selenium.By$ByXPath.findElement(By.java:357)
at org.openqa.selenium.remote.RemoteWebDriver.findElement(RemoteWebDriver.java:344)
at DemoTestng.NewTest.demo2(NewTest.java:68)
at java.base/java.util.ArrayList.forEach(ArrayList.java:1507)
... Removed 32 stack frames]]>
    </failure>
  </testcase> <!-- demo2 -->
  <testcase classname="DemoTestng.NewTest" name="signUp" time="0.003"/>
  <testcase classname="DemoTestng.NewTest" name="selGrid" time="0.0">
    <ignored/>
  </testcase> <!-- selGrid -->
  <testcase classname="DemoTestng.NewTest" name="envCheck" time="0.0">
    <ignored/>
  </testcase> <!-- envCheck -->
  <testcase classname="DemoTestng.NewTest" name="validateUserLogIn" time="0.0">
    <ignored/>
  </testcase> <!-- validateUserLogIn -->
  <testcase classname="DemoTestng.NewTest" name="paymentMethod" time="0.0">
    <ignored/>
  </testcase> <!-- paymentMethod -->
  <testcase classname="DemoTestng.NewTest" name="dbConnection" time="0.0">
    <ignored/>
  </testcase> <!-- dbConnection -->
  <testcase classname="DemoTestng.NewTest" name="registration" time="0.0">
    <ignored/>
  </testcase> <!-- registration -->
  <testcase classname="DemoTestng.NewTest" name="validateTestEnvURL" time="0.0">
    <ignored/>
  </testcase> <!-- validateTestEnvURL -->
  <testcase classname="DemoTestng.NewTest" name="validateUser" time="0.0">
    <ignored/>
  </testcase> <!-- validateUser -->
  <testcase classname="DemoTestng.NewTest" name="getTitleOfPage" time="0.0">
    <ignored/>
  </testcase> <!-- getTitleOfPage -->
  <testcase classname="DemoTestng.NewTest" name="proceedToCheckout" time="0.0">
    <ignored/>
  </testcase> <!-- proceedToCheckout -->
  <testcase classname="DemoTestng.NewTest" name="logIn" time="0.0">
    <ignored/>
  </testcase> <!-- logIn -->
  <testcase classname="DemoTestng.NewTest" name="cleanData" time="0.0">
    <ignored/>
  </testcase> <!-- cleanData -->
  <testcase classname="DemoTestng.NewTest" name="orderPlace" time="0.0">
    <ignored/>
  </testcase> <!-- orderPlace -->
  <testcase classname="DemoTestng.NewTest" name="test" time="0.0">
    <ignored/>
  </testcase> <!-- test -->
</testsuite> <!-- Test -->
